# This file contains information about inputs as read by the program

 Population size = 40
 Number of generations = 50
 Number of objective functions = 1
 Number of constraints = 0
 Number of variables = 3
 Number of real variables = 3
 Lower limit of real variable 1 = 1.000000e-001
 Upper limit of real variable 1 = 6.000000e-001
 Lower limit of real variable 2 = 1.000000e-001
 Upper limit of real variable 2 = 6.000000e-001
 Lower limit of real variable 3 = 1.000000e-003
 Upper limit of real variable 3 = 3.000000e-002
 Probability of crossover of real variable = 6.000000e-001
 Probability of mutation of real variable = 2.000000e-001
 Distribution index for crossover = 1.000000e+001
 Distribution index for mutation = 2.000000e+001
 Number of binary variables = 0
 Seed for random number generator = 1.468708e+009
 Number of crossover of real variable = 0
 Number of mutation of real variable = 0