# This file contains the data of final population
# of objectives = 1, # of constraints = 0, # of real_var = 8, # of bits of bin_var = 0, constr_violation, rank, crowding_distance
-7.689705e-001	7.407724e-001	-3.680615e-001	9.933211e-001	6.004423e-001	7.290939e-001	-7.584186e-001	7.550874e-001	-4.011175e-001	0.000000e+000	1	1.000000e+014
-7.680872e-001	7.401109e-001	-3.581717e-001	9.947891e-001	6.251035e-001	7.257373e-001	-7.031196e-001	7.551229e-001	-4.711600e-001	0.000000e+000	2	1.000000e+014
-7.402671e-001	7.407724e-001	-3.657519e-001	9.935909e-001	6.251035e-001	7.250619e-001	-5.981768e-001	7.550818e-001	-4.745519e-001	0.000000e+000	3	1.000000e+014
-7.367179e-001	7.405832e-001	-3.856511e-001	9.864218e-001	8.151680e-001	7.338021e-001	-7.404029e-001	7.552094e-001	-3.735469e-001	0.000000e+000	4	1.000000e+014
-7.326054e-001	7.407736e-001	-3.681382e-001	9.948221e-001	6.076655e-001	6.914176e-001	-7.590111e-001	7.553249e-001	-4.694729e-001	0.000000e+000	5	1.000000e+014
-7.317453e-001	7.407724e-001	-4.009233e-001	9.838244e-001	8.212785e-001	7.380506e-001	-7.404029e-001	7.552094e-001	-3.735469e-001	0.000000e+000	6	1.000000e+014
-7.317453e-001	7.407724e-001	-4.009233e-001	9.838244e-001	8.212785e-001	7.380506e-001	-7.404029e-001	7.552094e-001	-3.735469e-001	0.000000e+000	6	1.000000e+014
-7.315379e-001	7.407724e-001	-3.657519e-001	9.935909e-001	6.251035e-001	7.250619e-001	-5.597197e-001	7.550963e-001	-4.711600e-001	0.000000e+000	7	1.000000e+014
-7.299130e-001	7.407724e-001	-4.009233e-001	9.838244e-001	8.097674e-001	7.380506e-001	-7.404029e-001	7.553250e-001	-3.735469e-001	0.000000e+000	8	0.000000e+000
-7.299130e-001	7.407724e-001	-4.009233e-001	9.838244e-001	8.097674e-001	7.380506e-001	-7.404029e-001	7.553250e-001	-3.735469e-001	0.000000e+000	8	0.000000e+000
-7.299130e-001	7.407724e-001	-4.009233e-001	9.838244e-001	8.097674e-001	7.380506e-001	-7.404029e-001	7.553250e-001	-3.735469e-001	0.000000e+000	8	1.000000e+014
-7.282175e-001	7.407724e-001	-3.680615e-001	9.840182e-001	8.018997e-001	7.277333e-001	-6.553587e-001	7.550874e-001	-3.883882e-001	0.000000e+000	9	1.000000e+014
-7.252860e-001	7.407645e-001	-3.961963e-001	9.926110e-001	6.250383e-001	7.202152e-001	-8.418133e-001	7.551074e-001	-5.141883e-001	0.000000e+000	10	1.000000e+014
-7.246360e-001	7.407724e-001	-3.680615e-001	9.840182e-001	8.018997e-001	7.277333e-001	-6.281043e-001	7.550874e-001	-3.883882e-001	0.000000e+000	11	1.000000e+014
-7.182103e-001	7.407724e-001	-4.009233e-001	9.838244e-001	8.097674e-001	7.380506e-001	-7.404029e-001	7.553250e-001	-2.956636e-001	0.000000e+000	12	1.000000e+014
-7.178111e-001	7.407724e-001	-3.957310e-001	9.948186e-001	6.090031e-001	7.277333e-001	-6.281043e-001	7.550146e-001	-3.883433e-001	0.000000e+000	13	1.000000e+014
-7.158155e-001	7.407724e-001	-3.903450e-001	9.903509e-001	8.018154e-001	7.258740e-001	-7.400146e-001	7.553274e-001	-3.020140e-001	0.000000e+000	14	1.000000e+014
-7.141645e-001	7.407736e-001	-3.681382e-001	9.945054e-001	6.076655e-001	6.914176e-001	-6.142892e-001	7.553276e-001	-4.660609e-001	0.000000e+000	15	1.000000e+014
-7.130050e-001	7.407724e-001	-3.680615e-001	9.840182e-001	8.018997e-001	7.181728e-001	-6.281043e-001	7.550874e-001	-3.735175e-001	0.000000e+000	16	1.000000e+014
-7.117288e-001	7.408444e-001	-3.680519e-001	9.810808e-001	6.320493e-001	7.175104e-001	-6.972999e-001	7.552353e-001	-4.467997e-001	0.000000e+000	17	1.000000e+014
-7.109014e-001	7.407736e-001	-3.690114e-001	9.948760e-001	6.076655e-001	6.964764e-001	-5.814932e-001	7.553276e-001	-4.660609e-001	0.000000e+000	18	1.000000e+014
-7.108803e-001	7.407736e-001	-3.690114e-001	9.948760e-001	6.063175e-001	6.964764e-001	-5.813989e-001	7.553276e-001	-4.660609e-001	0.000000e+000	19	1.000000e+014
-7.104957e-001	7.407724e-001	-4.009233e-001	9.838244e-001	8.097674e-001	7.337827e-001	-7.404029e-001	7.553250e-001	-3.735469e-001	0.000000e+000	20	0.000000e+000
-7.104957e-001	7.407724e-001	-4.009233e-001	9.838244e-001	8.097674e-001	7.337827e-001	-7.404029e-001	7.553250e-001	-3.735469e-001	0.000000e+000	20	1.000000e+014
-7.104957e-001	7.407724e-001	-4.009233e-001	9.838244e-001	8.097674e-001	7.337827e-001	-7.404029e-001	7.553250e-001	-3.735469e-001	0.000000e+000	20	0.000000e+000
-7.101279e-001	7.407724e-001	-3.962192e-001	9.943741e-001	4.955867e-001	7.250619e-001	-6.244673e-001	7.551229e-001	-4.711600e-001	0.000000e+000	21	1.000000e+014
-7.089576e-001	7.407724e-001	-3.903450e-001	9.903509e-001	8.018154e-001	7.239589e-001	-6.563105e-001	7.553276e-001	-3.735469e-001	0.000000e+000	22	1.000000e+014
-7.088398e-001	7.407736e-001	-3.681382e-001	9.945054e-001	6.076655e-001	6.914176e-001	-5.814932e-001	7.553276e-001	-4.660609e-001	0.000000e+000	23	1.000000e+014
-7.057367e-001	7.407737e-001	-4.009233e-001	9.838244e-001	8.097674e-001	7.337827e-001	-7.042203e-001	7.553251e-001	-3.715612e-001	0.000000e+000	24	1.000000e+014
-7.051115e-001	7.407724e-001	-3.685497e-001	9.839631e-001	8.179851e-001	7.250619e-001	-5.572280e-001	7.552524e-001	-4.712049e-001	0.000000e+000	25	1.000000e+014
-7.051078e-001	7.407724e-001	-4.009233e-001	9.838244e-001	8.097674e-001	7.337827e-001	-6.986131e-001	7.553250e-001	-3.735469e-001	0.000000e+000	26	1.000000e+014
-7.049914e-001	7.382998e-001	-3.696450e-001	9.784033e-001	6.320493e-001	7.257606e-001	-7.024277e-001	7.550261e-001	-4.708915e-001	0.000000e+000	27	1.000000e+014
-7.039469e-001	7.407724e-001	-3.962192e-001	9.943741e-001	6.251035e-001	7.250619e-001	-5.789822e-001	7.551229e-001	-4.711600e-001	0.000000e+000	28	1.000000e+014
-7.022208e-001	7.370959e-001	-3.679776e-001	9.840182e-001	7.482903e-001	7.181728e-001	-6.281079e-001	7.550528e-001	-3.735175e-001	0.000000e+000	29	1.000000e+014
-7.017985e-001	7.405485e-001	-3.866404e-001	9.898861e-001	7.023106e-001	7.250619e-001	-5.572280e-001	7.551068e-001	-4.517857e-001	0.000000e+000	30	1.000000e+014
-7.017985e-001	7.405485e-001	-3.866404e-001	9.898861e-001	7.023106e-001	7.250619e-001	-5.572280e-001	7.551068e-001	-4.517857e-001	0.000000e+000	30	1.000000e+014
-7.015429e-001	7.407841e-001	-3.866404e-001	9.898861e-001	6.332968e-001	7.249529e-001	-5.572280e-001	7.551068e-001	-4.517456e-001	0.000000e+000	31	1.000000e+014
-7.015217e-001	7.405485e-001	-3.866404e-001	9.898861e-001	6.251035e-001	7.250619e-001	-5.572280e-001	7.551068e-001	-4.517857e-001	0.000000e+000	32	1.000000e+014
-7.013182e-001	7.384890e-001	-3.735672e-001	9.784033e-001	6.381547e-001	7.257606e-001	-7.024277e-001	7.550261e-001	-4.708915e-001	0.000000e+000	33	1.000000e+014
-7.003974e-001	7.407736e-001	-3.681382e-001	9.853634e-001	7.744155e-001	6.914176e-001	-6.332994e-001	7.553249e-001	-4.694729e-001	0.000000e+000	34	1.000000e+014
