# This file contains information about inputs as read by the program

 Population size = 40
 Number of generations = 50
 Number of objective functions = 1
 Number of constraints = 0
 Number of variables = 4
 Number of real variables = 4
 Lower limit of real variable 1 = 3.750000e-001
 Upper limit of real variable 1 = 7.450000e-001
 Lower limit of real variable 2 = -9.000000e-001
 Upper limit of real variable 2 = -0.000000e+000
 Lower limit of real variable 3 = 7.550000e-001
 Upper limit of real variable 3 = 9.950000e-001
 Lower limit of real variable 4 = 0.000000e+000
 Upper limit of real variable 4 = 9.000000e-001
 Probability of crossover of real variable = 6.000000e-001
 Probability of mutation of real variable = 2.000000e-001
 Distribution index for crossover = 1.000000e+001
 Distribution index for mutation = 2.000000e+001
 Number of binary variables = 0
 Seed for random number generator = 1.464799e+009
 Number of crossover of real variable = 0
 Number of mutation of real variable = 0