



   ---------------------------------------------------------------------------
     START OF THE SEQUENTIAL LEAST SQUARES PROGRAMMING ALGORIT  
   ---------------------------------------------------------------------------

     PARAMETERS:
        ACC =   0.1000D-05
        MAXITER =200
        IPRINT =   1
IOUT =   6




     ITER =    1     OBJ = -0.45004427E+00
      0.6816E+00
     -0.5215E+00
      0.9029E+00
      0.8727E+00
      0.6958E+00
     -0.4594E+00
      0.8187E+00
     -0.5719E+00


     ITER =    2     OBJ = -0.45031302E+00
      0.6815E+00
     -0.5213E+00
      0.9029E+00
      0.8727E+00
      0.6959E+00
     -0.4594E+00
      0.8187E+00
     -0.5719E+00


     ITER =    3     OBJ = -0.45033987E+00
      0.6815E+00
     -0.5213E+00
      0.9029E+00
      0.8727E+00
      0.6959E+00
     -0.4594E+00
      0.8187E+00
     -0.5719E+00


     ITER =    4     OBJ = -0.45036671E+00
      0.6815E+00
     -0.5212E+00
      0.9029E+00
      0.8727E+00
      0.6959E+00
     -0.4594E+00
      0.8187E+00
     -0.5719E+00


     ITER =    5     OBJ = -0.45039256E+00
      0.6815E+00
     -0.5212E+00
      0.9029E+00
      0.8727E+00
      0.6959E+00
     -0.4594E+00
      0.8187E+00
     -0.5719E+00


     ITER =    7     OBJ = -0.45041422E+00
      0.6815E+00
     -0.5212E+00
      0.9029E+00
      0.8727E+00
      0.6959E+00
     -0.4594E+00
      0.8187E+00
     -0.5719E+00


     ITER =    8     OBJ = -0.45044095E+00
      0.6814E+00
     -0.5212E+00
      0.9029E+00
      0.8727E+00
      0.6959E+00
     -0.4594E+00
      0.8187E+00
     -0.5719E+00


     ITER =    9     OBJ = -0.45046765E+00
      0.6814E+00
     -0.5212E+00
      0.9028E+00
      0.8727E+00
      0.6959E+00
     -0.4594E+00
      0.8187E+00
     -0.5719E+00


     ITER =   10     OBJ = -0.45049435E+00
      0.6814E+00
     -0.5211E+00
      0.9028E+00
      0.8727E+00
      0.6959E+00
     -0.4594E+00
      0.8186E+00
     -0.5719E+00


     ITER =   11     OBJ = -0.45052087E+00
      0.6814E+00
     -0.5211E+00
      0.9028E+00
      0.8727E+00
      0.6959E+00
     -0.4594E+00
      0.8186E+00
     -0.5719E+00
